<?xml version="1.0" encoding="UTF-8"?>
<!-- Generated by org.testng.reporters.JUnitReportReporter -->
<testsuite skipped="0" hostname="SIEPAL76" name="cross.testCross" tests="1" failures="0" timestamp="2019-09-19T17:44:16 CEST" time="26.135" errors="0">
  <testcase name="testBrowser" time="26.135" classname="cross.testCross"/>
</testsuite> <!-- cross.testCross -->
