<?xml version="1.0" encoding="UTF-8"?>
<!-- Generated by org.testng.reporters.JUnitReportReporter -->
<testsuite skipped="0" hostname="SIEPAL76" name="packfay.ArrayL" tests="1" failures="0" timestamp="2019-10-01T11:28:40 CEST" time="9.592" errors="0">
  <testcase name="Array" time="9.592" classname="packfay.ArrayL"/>
</testsuite> <!-- packfay.ArrayL -->
