<?xml version="1.0" encoding="UTF-8"?>
<!-- Generated by org.testng.reporters.JUnitReportReporter -->
<testsuite skipped="0" hostname="DESKTOP-MLK1P20" name="testng.tng" tests="2" failures="0" timestamp="03 sept. 2018 12:48:38 GMT" time="33.880" errors="0">
  <testcase name="openBrowser" time="18.165" classname="testng.tng"/>
  <testcase name="checkWebsite" time="15.715" classname="testng.tng"/>
</testsuite> <!-- testng.tng -->
