<?xml version="1.0" encoding="UTF-8"?>
<!-- Generated by org.testng.reporters.JUnitReportReporter -->
<testsuite skipped="0" hostname="SIEPAL76" name="testng.tng" tests="2" failures="0" timestamp="2019-12-20T16:34:53 CET" time="14.784" errors="0">
  <testcase name="openBrowser" time="7.458" classname="testng.tng"/>
  <testcase name="testSoft" time="7.326" classname="testng.tng"/>
</testsuite> <!-- testng.tng -->
