<?xml version="1.0" encoding="UTF-8"?>
<!-- Generated by org.testng.reporters.JUnitReportReporter -->
<testsuite skipped="0" hostname="SIEPAL76" name="packfay.Scen1" tests="1" failures="0" timestamp="2019-09-23T17:44:16 CEST" time="10.331" errors="0">
  <testcase name="Testing" time="10.331" classname="packfay.Scen1"/>
</testsuite> <!-- packfay.Scen1 -->
